This is pdfTeX, Version 3.141592653-2.6-1.40.24 (MiKTeX 22.7.30) (preloaded format=pdflatex 2022.8.1)  19 APR 2023 19:18
entering extended mode
 restricted \write18 enabled.
 file:line:error style messages enabled.
 %&-line parsing enabled.
**\nonstopmode\nofiles\PassOptionsToPackage{active,tightpage,auctex}{preview}\A
tBeginDocument{\ifx\ifPreview\undefined\RequirePackage[displaymath,floats,graph
ics,textmath,sections,footnotes]{preview}[2004/11/05]\fi} \input \detokenize{ _
region_.tex }
(_region_.tex  !name(2d_fdfd.tex)
(C:\Users\Erdoel\Programlar\MiKTeX\tex/latex/base\article.cls
Document Class: article 2021/10/04 v1.4n Standard LaTeX document class
(C:\Users\Erdoel\Programlar\MiKTeX\tex/latex/base\size10.clo
File: size10.clo 2021/10/04 v1.4n Standard LaTeX file (size option)
)
\c@part=\count185
\c@section=\count186
\c@subsection=\count187
\c@subsubsection=\count188
\c@paragraph=\count189
\c@subparagraph=\count190
\c@figure=\count191
\c@table=\count192
\abovecaptionskip=\skip47
\belowcaptionskip=\skip48
\bibindent=\dimen138
)
(C:\Users\Erdoel\Programlar\MiKTeX\tex/generic/babel\babel.sty
Package: babel 2022/07/20 3.78 The Babel package
\babel@savecnt=\count193
\U@D=\dimen139
\l@unhyphenated=\language79

(C:\Users\Erdoel\Programlar\MiKTeX\tex/generic/babel\txtbabel.def)
\bbl@readstream=\read2
\bbl@dirlevel=\count194

*************************************
* Local config file bblopts.cfg used
*
(C:\Users\Erdoel\Programlar\MiKTeX\tex/latex/arabi\bblopts.cfg
File: bblopts.cfg 2005/09/08 v0.1 add Arabic and Farsi to "declared" options of
 babel
)
(C:\Users\Erdoel\Programlar\MiKTeX\tex/latex/babel-english\english.ldf
Language: english 2017/06/06 v3.3r English support from the babel system
Package babel Info: Hyphen rules for 'canadian' set to \l@english
(babel)             (\language0). Reported on input line 102.
Package babel Info: Hyphen rules for 'australian' set to \l@ukenglish
(babel)             (\language73). Reported on input line 105.
Package babel Info: Hyphen rules for 'newzealand' set to \l@ukenglish
(babel)             (\language73). Reported on input line 108.
))
(C:\Users\Erdoel\Programlar\MiKTeX\tex/generic/babel/locale/en\babel-english.te
x
Package babel Info: Importing font and identification data for english
(babel)             from babel-en.ini. Reported on input line 11.
) (C:\Users\Erdoel\Programlar\MiKTeX\tex/latex/geometry\geometry.sty
Package: geometry 2020/01/02 v5.9 Page Geometry

(C:\Users\Erdoel\Programlar\MiKTeX\tex/latex/graphics\keyval.sty
Package: keyval 2022/05/29 v1.15 key=value parser (DPC)
\KV@toks@=\toks16
)
(C:\Users\Erdoel\Programlar\MiKTeX\tex/generic/iftex\ifvtex.sty
Package: ifvtex 2019/10/25 v1.7 ifvtex legacy package. Use iftex instead.

(C:\Users\Erdoel\Programlar\MiKTeX\tex/generic/iftex\iftex.sty
Package: iftex 2022/02/03 v1.0f TeX engine tests
))
\Gm@cnth=\count195
\Gm@cntv=\count196
\c@Gm@tempcnt=\count197
\Gm@bindingoffset=\dimen140
\Gm@wd@mp=\dimen141
\Gm@odd@mp=\dimen142
\Gm@even@mp=\dimen143
\Gm@layoutwidth=\dimen144
\Gm@layoutheight=\dimen145
\Gm@layouthoffset=\dimen146
\Gm@layoutvoffset=\dimen147
\Gm@dimlist=\toks17

(C:\Users\Erdoel\Programlar\MiKTeX\tex/latex/geometry\geometry.cfg))
(C:\Users\Erdoel\Programlar\MiKTeX\tex/latex/amsmath\amsmath.sty
Package: amsmath 2022/04/08 v2.17n AMS math features
\@mathmargin=\skip49

For additional information on amsmath, use the `?' option.
(C:\Users\Erdoel\Programlar\MiKTeX\tex/latex/amsmath\amstext.sty
Package: amstext 2021/08/26 v2.01 AMS text

(C:\Users\Erdoel\Programlar\MiKTeX\tex/latex/amsmath\amsgen.sty
File: amsgen.sty 1999/11/30 v2.0 generic functions
\@emptytoks=\toks18
\ex@=\dimen148
))
(C:\Users\Erdoel\Programlar\MiKTeX\tex/latex/amsmath\amsbsy.sty
Package: amsbsy 1999/11/29 v1.2d Bold Symbols
\pmbraise@=\dimen149
)
(C:\Users\Erdoel\Programlar\MiKTeX\tex/latex/amsmath\amsopn.sty
Package: amsopn 2022/04/08 v2.04 operator names
)
\inf@bad=\count198
LaTeX Info: Redefining \frac on input line 234.
\uproot@=\count199
\leftroot@=\count266
LaTeX Info: Redefining \overline on input line 399.
LaTeX Info: Redefining \colon on input line 410.
\classnum@=\count267
\DOTSCASE@=\count268
LaTeX Info: Redefining \ldots on input line 496.
LaTeX Info: Redefining \dots on input line 499.
LaTeX Info: Redefining \cdots on input line 620.
\Mathstrutbox@=\box51
\strutbox@=\box52
LaTeX Info: Redefining \big on input line 722.
LaTeX Info: Redefining \Big on input line 723.
LaTeX Info: Redefining \bigg on input line 724.
LaTeX Info: Redefining \Bigg on input line 725.
\big@size=\dimen150
LaTeX Font Info:    Redeclaring font encoding OML on input line 743.
LaTeX Font Info:    Redeclaring font encoding OMS on input line 744.
\macc@depth=\count269
LaTeX Info: Redefining \bmod on input line 905.
LaTeX Info: Redefining \pmod on input line 910.
LaTeX Info: Redefining \smash on input line 940.
LaTeX Info: Redefining \relbar on input line 970.
LaTeX Info: Redefining \Relbar on input line 971.
\c@MaxMatrixCols=\count270
\dotsspace@=\muskip16
\c@parentequation=\count271
\dspbrk@lvl=\count272
\tag@help=\toks19
\row@=\count273
\column@=\count274
\maxfields@=\count275
\andhelp@=\toks20
\eqnshift@=\dimen151
\alignsep@=\dimen152
\tagshift@=\dimen153
\tagwidth@=\dimen154
\totwidth@=\dimen155
\lineht@=\dimen156
\@envbody=\toks21
\multlinegap=\skip50
\multlinetaggap=\skip51
\mathdisplay@stack=\toks22
LaTeX Info: Redefining \[ on input line 2953.
LaTeX Info: Redefining \] on input line 2954.
)
(C:\Users\Erdoel\Programlar\MiKTeX\tex/latex/l3backend\l3backend-pdftex.def
File: l3backend-pdftex.def 2022-07-01 L3 backend support: PDF output (pdfTeX)
\l__color_backend_stack_int=\count276
\l__pdf_internal_box=\box53
)
No file _region_.aux.
LaTeX Font Info:    Checking defaults for OML/cmm/m/it on input line 10.
LaTeX Font Info:    ... okay on input line 10.
LaTeX Font Info:    Checking defaults for OMS/cmsy/m/n on input line 10.
LaTeX Font Info:    ... okay on input line 10.
LaTeX Font Info:    Checking defaults for OT1/cmr/m/n on input line 10.
LaTeX Font Info:    ... okay on input line 10.
LaTeX Font Info:    Checking defaults for T1/cmr/m/n on input line 10.
LaTeX Font Info:    ... okay on input line 10.
LaTeX Font Info:    Checking defaults for TS1/cmr/m/n on input line 10.
LaTeX Font Info:    ... okay on input line 10.
LaTeX Font Info:    Checking defaults for OMX/cmex/m/n on input line 10.
LaTeX Font Info:    ... okay on input line 10.
LaTeX Font Info:    Checking defaults for U/cmr/m/n on input line 10.
LaTeX Font Info:    ... okay on input line 10.
*geometry* driver: auto-detecting
*geometry* detected driver: pdftex
*geometry* verbose mode - [ preamble ] result:
* driver: pdftex
* paper: a2paper
* layout: <same size as paper>
* layoutoffset:(h,v)=(0.0pt,0.0pt)
* modes: landscape 
* h-part:(L,W,R)=(253.51663pt, 1183.06041pt, 253.51665pt)
* v-part:(T,H,B)=(143.40335pt, 836.50737pt, 215.10503pt)
* \paperwidth=1690.09369pt
* \paperheight=1195.01575pt
* \textwidth=1183.06041pt
* \textheight=836.50737pt
* \oddsidemargin=181.24664pt
* \evensidemargin=181.24664pt
* \topmargin=34.13336pt
* \headheight=12.0pt
* \headsep=25.0pt
* \topskip=10.0pt
* \footskip=30.0pt
* \marginparwidth=65.0pt
* \marginparsep=11.0pt
* \columnsep=10.0pt
* \skip\footins=9.0pt plus 4.0pt minus 2.0pt
* \hoffset=0.0pt
* \voffset=0.0pt
* \mag=1000
* \@twocolumnfalse
* \@twosidefalse
* \@mparswitchfalse
* \@reversemarginfalse
* (1in=72.27pt=25.4mm, 1cm=28.453pt)


(c:/Users/Erdoel/Programlar/EmacsConfs/vanilla/.emacs.d/elpa/auctex-13.1.10.0.2
0230305.82523/latex\preview.sty
Package: preview 2023/01/17 13.2 (AUCTeX/preview-latex)

(C:\Users\Erdoel\Programlar\MiKTeX\tex/latex/luatex85\luatex85.sty
Package: luatex85 2016/06/15 v1.4 pdftex aliases for luatex
)
(c:/Users/Erdoel/Programlar/EmacsConfs/vanilla/.emacs.d/elpa/auctex-13.1.10.0.2
0230305.82523/latex\prtightpage.def
\PreviewBorder=\dimen157
)
(c:/Users/Erdoel/Programlar/EmacsConfs/vanilla/.emacs.d/elpa/auctex-13.1.10.0.2
0230305.82523/latex\prauctex.def
No auxiliary output files.


\hbadness=\count277
\hfuzz=\dimen158

(c:/Users/Erdoel/Programlar/EmacsConfs/vanilla/.emacs.d/elpa/auctex-13.1.10.0.2
0230305.82523/latex\prauctex.cfg))
(c:/Users/Erdoel/Programlar/EmacsConfs/vanilla/.emacs.d/elpa/auctex-13.1.10.0.2
0230305.82523/latex\prfootnotes.def)
\pr@snippet=\count278
\pr@box=\box54
\pr@output=\toks23

Preview: Fontsize 10pt
Preview: PDFoutput 1
)  !name(2d_fdfd.tex) !offset(-3) 
_region_.tex:15: Preview: Snippet 1 started.
<-><->
      
l.15 \[
        \frac{\beta}{k_o} E_x (i, j) = H_y (i, j) + \frac{j}{k_o \tmop{dx} (i)}

Not a real error.

Preview: Tightpage -32891 -32891 32891 32891
_region_.tex:16: Preview: Snippet 1 ended.(1511852+0x46608927).
<-><->
      
l.16    [E_z (i + 1, j) - E_z (i, j)] \]
                                        
Not a real error.

[1{C:/Users/Erdoel/AppData/Local/MiKTeX/2.9/fonts/map/pdftex/pdftex.map}]
_region_.tex:17: Preview: Snippet 2 started.
<-><->
      
l.17 \[
        \frac{\beta}{k_o} E_x (i, j) = H_y (i, j) + \frac{j}{k_o \tmop{dx} (i)}

Not a real error.

_region_.tex:24: Preview: Snippet 2 ended.(1572879+0x72555395).
<-><->
      
l.24    \right] \]
                  
Not a real error.

[2]
_region_.tex:25: Preview: Snippet 3 started.
<-><->
      
l.25 \[
        \tmop{ddx} (i) = \frac{\tmop{dx} (i) + \tmop{dx} (i + 1)}{2} \hspace...

Not a real error.

_region_.tex:26: Preview: Snippet 3 ended.(1384421+0x47601542).
<-><->
      
l.26 ...c{\tmop{dy} (j) + \tmop{dy} (j + 1)}{2} \]
                                                  
Not a real error.

[3]
_region_.tex:27: Preview: Snippet 4 started.
<-><->
      
l.27 \[
        \frac{\beta}{k_o} E_x (i, j) = H_y (i, j) + \frac{1}{k_o^{^2} \tmop{...

Not a real error.

_region_.tex:34: Preview: Snippet 4 ended.(1573593+0x73925551).
<-><->
      
l.34 ...} [H_x (i, j) - H_x (i, j - 1)] \right) \]
                                                  
Not a real error.

[4]
_region_.tex:39: Preview: Snippet 5 started.
<-><->
      
l.39 $
      \frac{\beta}{k_o} E_y (i, j) = - H_x (i, j) + \frac{j}{k_o \tmop{dy} (j)}

Not a real error.

_region_.tex:40: Preview: Snippet 5 ended.(610938+340683x15772207).
<-><->
      
l.40 [E_z (i, j + 1) - E_z (i, j)]$
                                   
Not a real error.

[5]
_region_.tex:41: Preview: Snippet 6 started.
<-><->
      
l.41 \[
        \frac{\beta}{k_o} E_y (i, j) = - H_x (i, j) + \frac{j}{k_o \tmop{dy}...

Not a real error.

_region_.tex:48: Preview: Snippet 6 ended.(1572879+0x72291281).
<-><->
      
l.48    \right] \]
                  
Not a real error.

[6]
_region_.tex:53: Preview: Snippet 7 started.
<-><->
      
l.53 $
      \frac{\beta}{k_o} E_y (i, j) = - H_x (i, j) + \frac{1}{k_o^2 \tmop{dy}...

Not a real error.

_region_.tex:59: Preview: Snippet 7 ended.(753669+445277x62787466).
<-><->
      
l.59 ...j)} [H_x (i, j) - H_x (i, j - 1)] \right)$
                                                  
Not a real error.

[7]
_region_.tex:64: Preview: Snippet 8 started.
<-><->
      
l.64 \[
        H' = H \sqrt{\eta_0} \hspace{3em} E' = \frac{E}{\sqrt{\eta_0}} \]
Not a real error.

_region_.tex:64: Preview: Snippet 8 ended.(1561550+0x42910215).
<-><->
      
l.64 ...space{3em} E' = \frac{E}{\sqrt{\eta_0}} \]
                                                  
Not a real error.

[8] ) 
Here is how much of TeX's memory you used:
 2951 strings out of 478337
 49577 string characters out of 2841811
 368797 words of memory out of 3000000
 21395 multiletter control sequences out of 15000+600000
 469713 words of font info for 30 fonts, out of 8000000 for 9000
 1141 hyphenation exceptions out of 8191
 56i,6n,62p,469b,137s stack positions out of 10000i,1000n,20000p,200000b,80000s
<C:/Users/Erdoel/Programlar/MiKTeX/fonts/type1/public/amsfonts/cm/cmex10.p
fb><C:/Users/Erdoel/Programlar/MiKTeX/fonts/type1/public/amsfonts/cm/cmmi10.pfb
><C:/Users/Erdoel/Programlar/MiKTeX/fonts/type1/public/amsfonts/cm/cmmi5.pfb><C
:/Users/Erdoel/Programlar/MiKTeX/fonts/type1/public/amsfonts/cm/cmmi7.pfb><C:/U
sers/Erdoel/Programlar/MiKTeX/fonts/type1/public/amsfonts/cm/cmr10.pfb><C:/User
s/Erdoel/Programlar/MiKTeX/fonts/type1/public/amsfonts/cm/cmr5.pfb><C:/Users/Er
doel/Programlar/MiKTeX/fonts/type1/public/amsfonts/cm/cmr7.pfb><C:/Users/Erdoel
/Programlar/MiKTeX/fonts/type1/public/amsfonts/cm/cmsy10.pfb><C:/Users/Erdoel/P
rogramlar/MiKTeX/fonts/type1/public/amsfonts/cm/cmsy7.pfb>
Output written on _region_.pdf (8 pages, 96043 bytes).
PDF statistics:
 74 PDF objects out of 1000 (max. 8388607)
 0 named destinations out of 1000 (max. 500000)
 1 words of extra memory for PDF output out of 10000 (max. 10000000)

